[    1578ms] [ERROR] Failed to load resource: net::ERR_TUNNEL_CONNECTION_FAILED @ https://s2.go-mpulse.net/boomerang/4MGA4-E5JH8-79LAG-STF7X-79Z92:0
[    1578ms] [ERROR] Failed to load resource: net::ERR_TUNNEL_CONNECTION_FAILED @ https://www.googletagmanager.com/gtm.js?id=GTM-WPK7SW5:0
[    1693ms] [ERROR] Failed to load resource: net::ERR_TUNNEL_CONNECTION_FAILED @ https://s2.go-mpulse.net/boomerang/4MGA4-E5JH8-79LAG-STF7X-79Z92:0
[    3402ms] [ERROR] Failed to load resource: net::ERR_TUNNEL_CONNECTION_FAILED @ https://pagead2.googlesyndication.com/tag/js/gpt.js:0
[    6449ms] [INFO] Slow network is detected. See https://www.chromestatus.com/feature/5636954674692096 for more details. Fallback font will be used while loading: about:blank @ https://pub.mdpi-res.com/bundles/mathjax/jax/output/HTML-CSS/jax.js?V=2.7.1:18
[    6454ms] [INFO] Slow network is detected. See https://www.chromestatus.com/feature/5636954674692096 for more details. Fallback font will be used while loading: https://pub.mdpi-res.com/bundles/mathjax/fonts/HTML-CSS/Gyre-Pagella/woff/GyrePagellaMathJax_Main-Regular.woff?V=2.7.1 @ https://pub.mdpi-res.com/bundles/mathjax/jax/output/HTML-CSS/jax.js?V=2.7.1:18
[    6456ms] [ERROR] Access to font at 'about:blank' from origin 'https://www.mdpi.com' has been blocked by CORS policy: Cross origin requests are only supported for protocol schemes: chrome, chrome-extension, chrome-untrusted, data, http, https, isolated-app. @ https://www.mdpi.com/1424-8220/24/24/8036:0
[    6456ms] [ERROR] Failed to load resource: net::ERR_FAILED @ about:blank:0
[    6900ms] [INFO] Slow network is detected. See https://www.chromestatus.com/feature/5636954674692096 for more details. Fallback font will be used while loading: https://pub.mdpi-res.com/bundles/mathjax/fonts/HTML-CSS/Gyre-Pagella/woff/GyrePagellaMathJax_Script-Regular.woff?V=2.7.1 @ https://pub.mdpi-res.com/bundles/mathjax/jax/output/HTML-CSS/jax.js?V=2.7.1:18
[    6976ms] [INFO] Slow network is detected. See https://www.chromestatus.com/feature/5636954674692096 for more details. Fallback font will be used while loading: https://pub.mdpi-res.com/bundles/mathjax/fonts/HTML-CSS/Gyre-Pagella/woff/GyrePagellaMathJax_Normal-Regular.woff?V=2.7.1 @ https://pub.mdpi-res.com/bundles/mathjax/jax/output/HTML-CSS/jax.js?V=2.7.1:18
[    7160ms] [INFO] Slow network is detected. See https://www.chromestatus.com/feature/5636954674692096 for more details. Fallback font will be used while loading: https://pub.mdpi-res.com/bundles/mathjax/fonts/HTML-CSS/Gyre-Pagella/woff/GyrePagellaMathJax_Size1-Regular.woff?V=2.7.1 @ https://pub.mdpi-res.com/bundles/mathjax/jax/output/HTML-CSS/jax.js?V=2.7.1:18
[    7249ms] [INFO] Slow network is detected. See https://www.chromestatus.com/feature/5636954674692096 for more details. Fallback font will be used while loading: https://pub.mdpi-res.com/bundles/mathjax/fonts/HTML-CSS/Gyre-Pagella/woff/GyrePagellaMathJax_Size2-Regular.woff?V=2.7.1 @ https://pub.mdpi-res.com/bundles/mathjax/jax/output/HTML-CSS/jax.js?V=2.7.1:18
[    7433ms] [INFO] Slow network is detected. See https://www.chromestatus.com/feature/5636954674692096 for more details. Fallback font will be used while loading: https://pub.mdpi-res.com/bundles/mathjax/fonts/HTML-CSS/Gyre-Pagella/woff/GyrePagellaMathJax_Size6-Regular.woff?V=2.7.1 @ https://pub.mdpi-res.com/bundles/mathjax/jax/output/HTML-CSS/jax.js?V=2.7.1:18
[    7524ms] [INFO] Slow network is detected. See https://www.chromestatus.com/feature/5636954674692096 for more details. Fallback font will be used while loading: https://pub.mdpi-res.com/bundles/mathjax/fonts/HTML-CSS/Gyre-Pagella/woff/GyrePagellaMathJax_Size5-Regular.woff?V=2.7.1 @ https://pub.mdpi-res.com/bundles/mathjax/jax/output/HTML-CSS/jax.js?V=2.7.1:18
[    7612ms] [INFO] Slow network is detected. See https://www.chromestatus.com/feature/5636954674692096 for more details. Fallback font will be used while loading: https://pub.mdpi-res.com/bundles/mathjax/fonts/HTML-CSS/Gyre-Pagella/woff/GyrePagellaMathJax_Size4-Regular.woff?V=2.7.1 @ https://pub.mdpi-res.com/bundles/mathjax/jax/output/HTML-CSS/jax.js?V=2.7.1:18
[    7900ms] [INFO] Slow network is detected. See https://www.chromestatus.com/feature/5636954674692096 for more details. Fallback font will be used while loading: https://pub.mdpi-res.com/bundles/mathjax/fonts/HTML-CSS/Gyre-Pagella/woff/GyrePagellaMathJax_Symbols-Regular.woff?V=2.7.1 @ https://pub.mdpi-res.com/bundles/mathjax/jax/output/HTML-CSS/jax.js?V=2.7.1:18
[    8096ms] [INFO] Slow network is detected. See https://www.chromestatus.com/feature/5636954674692096 for more details. Fallback font will be used while loading: https://pub.mdpi-res.com/bundles/mathjax/fonts/HTML-CSS/Gyre-Pagella/woff/GyrePagellaMathJax_Size3-Regular.woff?V=2.7.1 @ https://pub.mdpi-res.com/bundles/mathjax/jax/output/HTML-CSS/jax.js?V=2.7.1:18
[    8841ms] [INFO] Slow network is detected. See https://www.chromestatus.com/feature/5636954674692096 for more details. Fallback font will be used while loading: https://pub.mdpi-res.com/bundles/mathjax/fonts/HTML-CSS/Gyre-Pagella/woff/GyrePagellaMathJax_Variants-Regular.woff?V=2.7.1 @ https://pub.mdpi-res.com/bundles/mathjax/jax/output/HTML-CSS/jax.js?V=2.7.1:18
[    9143ms] [INFO] Slow network is detected. See https://www.chromestatus.com/feature/5636954674692096 for more details. Fallback font will be used while loading: https://pub.mdpi-res.com/bundles/mathjax/fonts/HTML-CSS/Gyre-Pagella/woff/GyrePagellaMathJax_Operators-Regular.woff?V=2.7.1 @ https://pub.mdpi-res.com/bundles/mathjax/jax/output/HTML-CSS/jax.js?V=2.7.1:18
[   12145ms] [WARNING] The resource https://s2.go-mpulse.net/boomerang/4MGA4-E5JH8-79LAG-STF7X-79Z92 was preloaded using link preload but not used within a few seconds from the window's load event. Please make sure it has an appropriate `as` value and it is preloaded intentionally. @ https://www.mdpi.com/1424-8220/24/24/8036:0
[   19820ms] [INFO] Slow network is detected. See https://www.chromestatus.com/feature/5636954674692096 for more details. Fallback font will be used while loading: https://login.mdpi.com/fonts/fontawesome-webfont.woff2?v=4.7.0 @ https://login.mdpi.com/login?_target_path=https%3A%2F%2Fwww.mdpi.com%2Fuser%2Flogin%3FauthAll%3Dtrue:0
[   19822ms] [ERROR] Failed to load resource: net::ERR_TUNNEL_CONNECTION_FAILED @ https://s2.go-mpulse.net/boomerang/DYYSY-4PK44-NZ5AC-EYJD6-6BGCS:0
[   20630ms] [ERROR] Failed to load resource: net::ERR_TUNNEL_CONNECTION_FAILED @ https://www.googletagmanager.com/gtag/js?id=UA-154711731-1:0
[   20632ms] [ERROR] Failed to load resource: net::ERR_TUNNEL_CONNECTION_FAILED @ https://s2.go-mpulse.net/boomerang/DYYSY-4PK44-NZ5AC-EYJD6-6BGCS:0
[   25639ms] [WARNING] The resource https://s2.go-mpulse.net/boomerang/DYYSY-4PK44-NZ5AC-EYJD6-6BGCS was preloaded using link preload but not used within a few seconds from the window's load event. Please make sure it has an appropriate `as` value and it is preloaded intentionally. @ https://login.mdpi.com/login?_target_path=https%3A%2F%2Fwww.mdpi.com%2Fuser%2Flogin%3FauthAll%3Dtrue:0
